-------------------------------------------------------------------------------
Test set: com.owasp.juiceshop.TC_Login_001
-------------------------------------------------------------------------------
Tests run: 1, Failures: 0, Errors: 1, Skipped: 0, Time elapsed: 11.90 s <<< FAILURE! -- in com.owasp.juiceshop.TC_Login_001
com.owasp.juiceshop.TC_Login_001.validLoginTest -- Time elapsed: 11.86 s <<< ERROR!
org.openqa.selenium.ElementNotInteractableException: 
element not interactable
  (Session info: chrome=152.0.7977.82)
Build info: version: '4.35.0', revision: '1c58e5028b'
System info: os.name: 'Linux', os.arch: 'amd64', os.version: '7.0.0-31-generic', java.version: '21.0.12'
Driver info: org.openqa.selenium.chrome.ChromeDriver
Command: [8db2e2c53a5e0bd3e79be8eb03e377b5, clickElement {id=f.BF3FB8CC02CC50C66B5DA856974FFADE.d.90AA86CE1B557B209CCC8940F9C2BB30.e.17}]
Capabilities {acceptInsecureCerts: false, browserName: chrome, browserVersion: 152.0.7977.82, chrome: {chromedriverVersion: 152.0.7977.82 (d04cdb24d67b..., userDataDir: /tmp/org.chromium.Chromium....}, fedcm:accounts: true, goog:chromeOptions: {debuggerAddress: localhost:44661}, goog:processID: 78674, networkConnectionEnabled: false, pageLoadStrategy: normal, platformName: linux, proxy: Proxy(), se:cdp: ws://localhost:44661/devtoo..., se:cdpVersion: 152.0.7977.82, setWindowRect: true, strictFileInteractability: false, timeouts: {implicit: 0, pageLoad: 300000, script: 30000}, unhandledPromptBehavior: dismiss and notify, webauthn:extension:credBlob: true, webauthn:extension:largeBlob: true, webauthn:extension:minPinLength: true, webauthn:extension:prf: true, webauthn:virtualAuthenticators: true}
Element: [[ChromeDriver: chrome on linux (8db2e2c53a5e0bd3e79be8eb03e377b5)] -> xpath: //button[@id='navbarAccount']]
Session ID: 8db2e2c53a5e0bd3e79be8eb03e377b5
	at java.base/jdk.internal.reflect.DirectConstructorHandleAccessor.newInstance(DirectConstructorHandleAccessor.java:62)
	at java.base/java.lang.reflect.Constructor.newInstanceWithCaller(Constructor.java:502)
	at java.base/java.lang.reflect.Constructor.newInstance(Constructor.java:486)
	at org.openqa.selenium.remote.ErrorCodec.decode(ErrorCodec.java:167)
	at org.openqa.selenium.remote.codec.w3c.W3CHttpResponseCodec.decode(W3CHttpResponseCodec.java:138)
	at org.openqa.selenium.remote.codec.w3c.W3CHttpResponseCodec.decode(W3CHttpResponseCodec.java:50)
	at org.openqa.selenium.remote.HttpCommandExecutor.execute(HttpCommandExecutor.java:215)
	at org.openqa.selenium.remote.service.DriverCommandExecutor.invokeExecute(DriverCommandExecutor.java:216)
	at org.openqa.selenium.remote.service.DriverCommandExecutor.execute(DriverCommandExecutor.java:174)
	at org.openqa.selenium.remote.RemoteWebDriver.execute(RemoteWebDriver.java:557)
	at org.openqa.selenium.remote.RemoteWebElement.execute(RemoteWebElement.java:223)
	at org.openqa.selenium.remote.RemoteWebElement.click(RemoteWebElement.java:76)
	at com.owasp.juiceshop.TC_Login_001.validLoginTest(TC_Login_001.java:21)
	at java.base/java.lang.reflect.Method.invoke(Method.java:580)
	at java.base/java.util.ArrayList.forEach(ArrayList.java:1596)
	at java.base/java.util.ArrayList.forEach(ArrayList.java:1596)

