<?xml version="1.0" encoding="UTF-8"?>
<testsuite xmlns:xsi="http://www.w3.org/2001/XMLSchema-instance" xsi:noNamespaceSchemaLocation="https://maven.apache.org/surefire/maven-surefire-plugin/xsd/surefire-test-report.xsd" version="3.0.2" name="com.owasp.juiceshop.TC_Login_001" time="11.896" tests="1" errors="1" skipped="0" failures="0">
  <properties>
[...]
</properties>
  <testcase name="validLoginTest" classname="com.owasp.juiceshop.TC_Login_001" time="11.864">
    <error message="element not interactable&#10;  (Session info: chrome=152.0.7977.82)&#10;Build info: version: &apos;4.35.0&apos;, revision: &apos;1c58e5028b&apos;&#10;System info: os.name: &apos;Linux&apos;, os.arch: &apos;amd64&apos;, os.version: &apos;7.0.0-31-generic&apos;, java.version: &apos;21.0.12&apos;&#10;Driver info: org.openqa.selenium.chrome.ChromeDriver&#10;Command: [8db2e2c53a5e0bd3e79be8eb03e377b5, clickElement {id=f.BF3FB8CC02CC50C66B5DA856974FFADE.d.90AA86CE1B557B209CCC8940F9C2BB30.e.17}]&#10;Capabilities {acceptInsecureCerts: false, browserName: chrome, browserVersion: 152.0.7977.82, chrome: {chromedriverVersion: 152.0.7977.82 (d04cdb24d67b..., userDataDir: /tmp/org.chromium.Chromium....}, fedcm:accounts: true, goog:chromeOptions: {debuggerAddress: localhost:44661}, goog:processID: 78674, networkConnectionEnabled: false, pageLoadStrategy: normal, platformName: linux, proxy: Proxy(), se:cdp: ws://localhost:44661/devtoo..., se:cdpVersion: 152.0.7977.82, setWindowRect: true, strictFileInteractability: false, timeouts: {implicit: 0, pageLoad: 300000, script: 30000}, unhandledPromptBehavior: dismiss and notify, webauthn:extension:credBlob: true, webauthn:extension:largeBlob: true, webauthn:extension:minPinLength: true, webauthn:extension:prf: true, webauthn:virtualAuthenticators: true}&#10;Element: [[ChromeDriver: chrome on linux (8db2e2c53a5e0bd3e79be8eb03e377b5)] -&gt; xpath: //button[@id=&apos;navbarAccount&apos;]]&#10;Session ID: 8db2e2c53a5e0bd3e79be8eb03e377b5" type="org.openqa.selenium.ElementNotInteractableException"><![CDATA[org.openqa.selenium.ElementNotInteractableException: 
element not interactable
  (Session info: chrome=152.0.7977.82)
Build info: version: '4.35.0', revision: '1c58e5028b'
System info: os.name: 'Linux', os.arch: 'amd64', os.version: '7.0.0-31-generic', java.version: '21.0.12'
Driver info: org.openqa.selenium.chrome.ChromeDriver
Command: [8db2e2c53a5e0bd3e79be8eb03e377b5, clickElement {id=f.BF3FB8CC02CC50C66B5DA856974FFADE.d.90AA86CE1B557B209CCC8940F9C2BB30.e.17}]
Capabilities {acceptInsecureCerts: false, browserName: chrome, browserVersion: 152.0.7977.82, chrome: {chromedriverVersion: 152.0.7977.82 (d04cdb24d67b..., userDataDir: /tmp/org.chromium.Chromium....}, fedcm:accounts: true, goog:chromeOptions: {debuggerAddress: localhost:44661}, goog:processID: 78674, networkConnectionEnabled: false, pageLoadStrategy: normal, platformName: linux, proxy: Proxy(), se:cdp: ws://localhost:44661/devtoo..., se:cdpVersion: 152.0.7977.82, setWindowRect: true, strictFileInteractability: false, timeouts: {implicit: 0, pageLoad: 300000, script: 30000}, unhandledPromptBehavior: dismiss and notify, webauthn:extension:credBlob: true, webauthn:extension:largeBlob: true, webauthn:extension:minPinLength: true, webauthn:extension:prf: true, webauthn:virtualAuthenticators: true}
Element: [[ChromeDriver: chrome on linux (8db2e2c53a5e0bd3e79be8eb03e377b5)] -> xpath: //button[@id='navbarAccount']]
Session ID: 8db2e2c53a5e0bd3e79be8eb03e377b5
	at java.base/jdk.internal.reflect.DirectConstructorHandleAccessor.newInstance(DirectConstructorHandleAccessor.java:62)
	at java.base/java.lang.reflect.Constructor.newInstanceWithCaller(Constructor.java:502)
	at java.base/java.lang.reflect.Constructor.newInstance(Constructor.java:486)
	at org.openqa.selenium.remote.ErrorCodec.decode(ErrorCodec.java:167)
	at org.openqa.selenium.remote.codec.w3c.W3CHttpResponseCodec.decode(W3CHttpResponseCodec.java:138)
	at org.openqa.selenium.remote.codec.w3c.W3CHttpResponseCodec.decode(W3CHttpResponseCodec.java:50)
	at org.openqa.selenium.remote.HttpCommandExecutor.execute(HttpCommandExecutor.java:215)
	at org.openqa.selenium.remote.service.DriverCommandExecutor.invokeExecute(DriverCommandExecutor.java:216)
	at org.openqa.selenium.remote.service.DriverCommandExecutor.execute(DriverCommandExecutor.java:174)
	at org.openqa.selenium.remote.RemoteWebDriver.execute(RemoteWebDriver.java:557)
	at org.openqa.selenium.remote.RemoteWebElement.execute(RemoteWebElement.java:223)
	at org.openqa.selenium.remote.RemoteWebElement.click(RemoteWebElement.java:76)
	at com.owasp.juiceshop.TC_Login_001.validLoginTest(TC_Login_001.java:21)
	at java.base/java.lang.reflect.Method.invoke(Method.java:580)
	at java.base/java.util.ArrayList.forEach(ArrayList.java:1596)
	at java.base/java.util.ArrayList.forEach(ArrayList.java:1596)
]]></error>
    <system-err><![CDATA[Sep 09, 2026 1:48:46 PM org.openqa.selenium.devtools.CdpVersionFinder findNearestMatch
WARNING: Unable to find CDP implementation matching 152
Sep 09, 2026 1:48:46 PM org.openqa.selenium.chromium.ChromiumDriver lambda$new$4
WARNING: Unable to find version of CDP to use for 152.0.7977.82. You may need to include a dependency on a specific version of the CDP using something similar to `org.seleniumhq.selenium:selenium-devtools-v86:4.35.0` where the version ("v86") matches the version of the chromium-based browser you're using and the version number of the artifact is the same as Selenium's.
]]></system-err>
  </testcase>
</testsuite>